<?xml version="1.0" encoding="UTF-8"?>
<testsuite xmlns:xsi="http://www.w3.org/2001/XMLSchema-instance" xsi:noNamespaceSchemaLocation="https://maven.apache.org/surefire/maven-surefire-plugin/xsd/surefire-test-report.xsd" version="3.0.2" name="org.example.RuleTest" time="0.275" tests="1" errors="0" skipped="0" failures="0">
  <properties>
[...]
</properties>
  <testcase name="test" classname="org.example.RuleTest" time="0.244">
    <system-out><![CDATA[2024-08-18 18:06:59,619 [main] INFO  Creating RuleUnit
2024-08-18 18:06:59,757 [main] INFO  Insert data
2024-08-18 18:06:59,760 [main] INFO  Run query. Rules are also fired
]]></system-out>
  </testcase>
</testsuite>